<html>
<head>
<title>TestNG:  Test</title>
<link href="../testng.css" rel="stylesheet" type="text/css" />
<link href="../my-testng.css" rel="stylesheet" type="text/css" />

<style type="text/css">
.log { display: none;} 
.stack-trace { display: none;} 
</style>
<script type="text/javascript">
<!--
function flip(e) {
  current = e.style.display;
  if (current == 'block') {
    e.style.display = 'none';
    return 0;
  }
  else {
    e.style.display = 'block';
    return 1;
  }
}

function toggleBox(szDivId, elem, msg1, msg2)
{
  var res = -1;  if (document.getElementById) {
    res = flip(document.getElementById(szDivId));
  }
  else if (document.all) {
    // this is the way old msie versions work
    res = flip(document.all[szDivId]);
  }
  if(elem) {
    if(res == 0) elem.innerHTML = msg1; else elem.innerHTML = msg2;
  }

}

function toggleAllBoxes() {
  if (document.getElementsByTagName) {
    d = document.getElementsByTagName('div');
    for (i = 0; i < d.length; i++) {
      if (d[i].className == 'log') {
        flip(d[i]);
      }
    }
  }
}

// -->
</script>

</head>
<body>
<h2 align='center'>Test</h2><table border='1' align="center">
<tr>
<td>Tests passed/Failed/Skipped:</td><td>8/2/0</td>
</tr><tr>
<td>Started on:</td><td>Thu Feb 02 13:12:18 IST 2023</td>
</tr>
<tr><td>Total time:</td><td>206 seconds (206243 ms)</td>
</tr><tr>
<td>Included groups:</td><td></td>
</tr><tr>
<td>Excluded groups:</td><td></td>
</tr>
</table><p/>
<small><i>(Hover the method name to see the test class name)</i></small><p/>
<table width='100%' border='1' class='invocation-failed'>
<tr><td colspan='4' align='center'><b>FAILED TESTS</b></td></tr>
<tr><td><b>Test method</b></td>
<td width="30%"><b>Exception</b></td>
<td width="10%"><b>Time (seconds)</b></td>
<td><b>Instance</b></td>
</tr>
<tr>
<td title='com.APIDemos.Runner.Run.runScenario()'><b>runScenario</b><br>Test class: com.APIDemos.Runner.Run<br>Test method: Runs Cucumber Scenarios<br>Parameters: "user verify the textswitcher functions", "Verify the functionalites of TextSwitcherPage"</td>
<td><div><pre>org.openqa.selenium.TimeoutException: Expected condition failed: Cannot find the element by swiping upnot found (tried for 5 second(s) with 500 milliseconds interval)
	at org.openqa.selenium.support.ui.WebDriverWait.timeoutException(WebDriverWait.java:81)
	at org.openqa.selenium.support.ui.FluentWait.until(FluentWait.java:271)
	at com.APIDemos.utilities.Utility.waitForElamentPresent(Utility.java:141)
	at com.APIDemos.utilities.Utility.swiUPTillFindElement(Utility.java:127)
	at com.APIDemos.Pages.TextSwitcherPage.do_tap_on_text_switcher(TextSwitcherPage.java:41)
	at com.APIDemos.stepdefinations.TextSwitcherStepDef.user_tap_on_textswitcher_tap(TextSwitcherStepDef.java:31)
	at ?.user tap on textswitcher tap(file:///C:/Users/rajkumar06/Desktop/Exit_Test/src/test/java/com/APIDemos/feature/Textswitcherfeature.feature:7)
Caused by: org.openqa.selenium.NoSuchElementException: Cannot locate an element using By.xpath: //android.widget.TextView[@text = &apos;TextSwitcher&apos;]
For documentation on this error, please visit: http://seleniumhq.org/exceptions/no_such_element.html
Build info: version: &apos;3.12.0&apos;, revision: &apos;7c6e0b3&apos;, time: &apos;2018-05-08T14:04:26.12Z&apos;
System info: host: &apos;IN-3KKJ1J3&apos;, ip: &apos;192.168.1.107&apos;, os.name: &apos;Windows 10&apos;, os.arch: &apos;amd64&apos;, os.version: &apos;10.0&apos;, java.version: &apos;11.0.5&apos;
Driver info: driver.version: unknown
	at org.openqa.selenium.support.ui.ExpectedConditions.lambda$findElement$0(ExpectedConditions.java:896)
	at java.base/java.util.Optional.orElseThrow(Optional.java:408)
	at org.openqa.selenium.support.ui.ExpectedConditions.findElement(ExpectedConditions.java:895)
	at org.openqa.selenium.support.ui.ExpectedConditions.access$000(ExpectedConditions.java:44)
	at org.openqa.selenium.support.ui.ExpectedConditions$6.apply(ExpectedConditions.java:183)
	at org.openqa.selenium.support.ui.ExpectedConditions$6.apply(ExpectedConditions.java:180)
	at org.openqa.selenium.support.ui.FluentWait.until(FluentWait.java:248)
	at com.APIDemos.utilities.Utility.waitForElamentPresent(Utility.java:141)
	at com.APIDemos.utilities.Utility.swiUPTillFindElement(Utility.java:127)
	at com.APIDemos.Pages.TextSwitcherPage.do_tap_on_text_switcher(TextSwitcherPage.java:41)
	at com.APIDemos.stepdefinations.TextSwitcherStepDef.user_tap_on_textswitcher_tap(TextSwitcherStepDef.java:31)
	at io.cucumber.java.Invoker.doInvoke(Invoker.java:66)
	at io.cucumber.java.Invoker.invoke(Invoker.java:24)
	at io.cucumber.java.AbstractGlueDefinition.invokeMethod(AbstractGlueDefinition.java:47)
	at io.cucumber.java.JavaStepDefinition.execute(JavaStepDefinition.java:29)
	at io.cucumber.core.runner.CoreStepDefinition.execute(CoreStepDefinition.java:66)
	at io.cucumber.core.runner.PickleStepDefinitionMatch.runStep(PickleStepDefinitionMatch.java:63)
	at io.cucumber.core.runner.ExecutionMode$1.execute(ExecutionMode.java:10)
	at io.cucumber.core.runner.TestStep.executeStep(TestStep.java:85)
	at io.cucumber.core.runner.TestStep.run(TestStep.java:57)
	at io.cucumber.core.runner.PickleStepTestStep.run(PickleStepTestStep.java:51)
	at io.cucumber.core.runner.TestCase.run(TestCase.java:84)
	at io.cucumber.core.runner.Runner.runPickle(Runner.java:75)
	at io.cucumber.testng.TestNGCucumberRunner.lambda$runScenario$1(TestNGCucumberRunner.java:132)
	at io.cucumber.core.runtime.CucumberExecutionContext.lambda$runTestCase$5(CucumberExecutionContext.java:129)
	at io.cucumber.core.runtime.RethrowingThrowableCollector.executeAndThrow(RethrowingThrowableCollector.java:23)
	at io.cucumber.core.runtime.CucumberExecutionContext.runTestCase(CucumberExecutionContext.java:129)
	at io.cucumber.testng.TestNGCucumberRunner.runScenario(TestNGCucumberRunner.java:129)
	at io.cucumber.testng.AbstractTestNGCucumberTests.runScenario(AbstractTestNGCucumberTests.java:35)
	at java.base/java.util.ArrayList.forEach(ArrayList.java:1540)
... Removed 35 stack frames</pre></div><a href='#' onClick='toggleBox("stack-trace551713345", this, "Click to show all stack frames", "Click to hide stack frames")'>Click to show all stack frames</a>
<div class='stack-trace' id='stack-trace551713345'><pre>org.openqa.selenium.TimeoutException: Expected condition failed: Cannot find the element by swiping upnot found (tried for 5 second(s) with 500 milliseconds interval)
	at org.openqa.selenium.support.ui.WebDriverWait.timeoutException(WebDriverWait.java:81)
	at org.openqa.selenium.support.ui.FluentWait.until(FluentWait.java:271)
	at com.APIDemos.utilities.Utility.waitForElamentPresent(Utility.java:141)
	at com.APIDemos.utilities.Utility.swiUPTillFindElement(Utility.java:127)
	at com.APIDemos.Pages.TextSwitcherPage.do_tap_on_text_switcher(TextSwitcherPage.java:41)
	at com.APIDemos.stepdefinations.TextSwitcherStepDef.user_tap_on_textswitcher_tap(TextSwitcherStepDef.java:31)
	at ?.user tap on textswitcher tap(file:///C:/Users/rajkumar06/Desktop/Exit_Test/src/test/java/com/APIDemos/feature/Textswitcherfeature.feature:7)
Caused by: org.openqa.selenium.NoSuchElementException: Cannot locate an element using By.xpath: //android.widget.TextView[@text = &apos;TextSwitcher&apos;]
For documentation on this error, please visit: http://seleniumhq.org/exceptions/no_such_element.html
Build info: version: &apos;3.12.0&apos;, revision: &apos;7c6e0b3&apos;, time: &apos;2018-05-08T14:04:26.12Z&apos;
System info: host: &apos;IN-3KKJ1J3&apos;, ip: &apos;192.168.1.107&apos;, os.name: &apos;Windows 10&apos;, os.arch: &apos;amd64&apos;, os.version: &apos;10.0&apos;, java.version: &apos;11.0.5&apos;
Driver info: driver.version: unknown
	at org.openqa.selenium.support.ui.ExpectedConditions.lambda$findElement$0(ExpectedConditions.java:896)
	at java.base/java.util.Optional.orElseThrow(Optional.java:408)
	at org.openqa.selenium.support.ui.ExpectedConditions.findElement(ExpectedConditions.java:895)
	at org.openqa.selenium.support.ui.ExpectedConditions.access$000(ExpectedConditions.java:44)
	at org.openqa.selenium.support.ui.ExpectedConditions$6.apply(ExpectedConditions.java:183)
	at org.openqa.selenium.support.ui.ExpectedConditions$6.apply(ExpectedConditions.java:180)
	at org.openqa.selenium.support.ui.FluentWait.until(FluentWait.java:248)
	at com.APIDemos.utilities.Utility.waitForElamentPresent(Utility.java:141)
	at com.APIDemos.utilities.Utility.swiUPTillFindElement(Utility.java:127)
	at com.APIDemos.Pages.TextSwitcherPage.do_tap_on_text_switcher(TextSwitcherPage.java:41)
	at com.APIDemos.stepdefinations.TextSwitcherStepDef.user_tap_on_textswitcher_tap(TextSwitcherStepDef.java:31)
	at java.base/jdk.internal.reflect.NativeMethodAccessorImpl.invoke0(Native Method)
	at java.base/jdk.internal.reflect.NativeMethodAccessorImpl.invoke(NativeMethodAccessorImpl.java:62)
	at java.base/jdk.internal.reflect.DelegatingMethodAccessorImpl.invoke(DelegatingMethodAccessorImpl.java:43)
	at java.base/java.lang.reflect.Method.invoke(Method.java:566)
	at io.cucumber.java.Invoker.doInvoke(Invoker.java:66)
	at io.cucumber.java.Invoker.invoke(Invoker.java:24)
	at io.cucumber.java.AbstractGlueDefinition.invokeMethod(AbstractGlueDefinition.java:47)
	at io.cucumber.java.JavaStepDefinition.execute(JavaStepDefinition.java:29)
	at io.cucumber.core.runner.CoreStepDefinition.execute(CoreStepDefinition.java:66)
	at io.cucumber.core.runner.PickleStepDefinitionMatch.runStep(PickleStepDefinitionMatch.java:63)
	at io.cucumber.core.runner.ExecutionMode$1.execute(ExecutionMode.java:10)
	at io.cucumber.core.runner.TestStep.executeStep(TestStep.java:85)
	at io.cucumber.core.runner.TestStep.run(TestStep.java:57)
	at io.cucumber.core.runner.PickleStepTestStep.run(PickleStepTestStep.java:51)
	at io.cucumber.core.runner.TestCase.run(TestCase.java:84)
	at io.cucumber.core.runner.Runner.runPickle(Runner.java:75)
	at io.cucumber.testng.TestNGCucumberRunner.lambda$runScenario$1(TestNGCucumberRunner.java:132)
	at io.cucumber.core.runtime.CucumberExecutionContext.lambda$runTestCase$5(CucumberExecutionContext.java:129)
	at io.cucumber.core.runtime.RethrowingThrowableCollector.executeAndThrow(RethrowingThrowableCollector.java:23)
	at io.cucumber.core.runtime.CucumberExecutionContext.runTestCase(CucumberExecutionContext.java:129)
	at io.cucumber.testng.TestNGCucumberRunner.runScenario(TestNGCucumberRunner.java:129)
	at io.cucumber.testng.AbstractTestNGCucumberTests.runScenario(AbstractTestNGCucumberTests.java:35)
	at java.base/jdk.internal.reflect.NativeMethodAccessorImpl.invoke0(Native Method)
	at java.base/jdk.internal.reflect.NativeMethodAccessorImpl.invoke(NativeMethodAccessorImpl.java:62)
	at java.base/jdk.internal.reflect.DelegatingMethodAccessorImpl.invoke(DelegatingMethodAccessorImpl.java:43)
	at java.base/java.lang.reflect.Method.invoke(Method.java:566)
	at org.testng.internal.MethodInvocationHelper.invokeMethod(MethodInvocationHelper.java:133)
	at org.testng.internal.TestInvoker.invokeMethod(TestInvoker.java:598)
	at org.testng.internal.TestInvoker.invokeTestMethod(TestInvoker.java:173)
	at org.testng.internal.MethodRunner.runInSequence(MethodRunner.java:46)
	at org.testng.internal.TestInvoker$MethodInvocationAgent.invoke(TestInvoker.java:824)
	at org.testng.internal.TestInvoker.invokeTestMethods(TestInvoker.java:146)
	at org.testng.internal.TestMethodWorker.invokeTestMethods(TestMethodWorker.java:146)
	at org.testng.internal.TestMethodWorker.run(TestMethodWorker.java:128)
	at java.base/java.util.ArrayList.forEach(ArrayList.java:1540)
	at org.testng.TestRunner.privateRun(TestRunner.java:794)
	at org.testng.TestRunner.run(TestRunner.java:596)
	at org.testng.SuiteRunner.runTest(SuiteRunner.java:377)
	at org.testng.SuiteRunner.runSequentially(SuiteRunner.java:371)
	at org.testng.SuiteRunner.privateRun(SuiteRunner.java:332)
	at org.testng.SuiteRunner.run(SuiteRunner.java:276)
	at org.testng.SuiteRunnerWorker.runSuite(SuiteRunnerWorker.java:53)
	at org.testng.SuiteRunnerWorker.run(SuiteRunnerWorker.java:96)
	at org.testng.TestNG.runSuitesSequentially(TestNG.java:1212)
	at org.testng.TestNG.runSuitesLocally(TestNG.java:1134)
	at org.testng.TestNG.runSuites(TestNG.java:1063)
	at org.testng.TestNG.run(TestNG.java:1031)
	at org.apache.maven.surefire.testng.TestNGExecutor.run(TestNGExecutor.java:283)
	at org.apache.maven.surefire.testng.TestNGXmlTestSuite.execute(TestNGXmlTestSuite.java:75)
	at org.apache.maven.surefire.testng.TestNGProvider.invoke(TestNGProvider.java:120)
	at org.apache.maven.surefire.booter.ForkedBooter.invokeProviderInSameClassLoader(ForkedBooter.java:384)
	at org.apache.maven.surefire.booter.ForkedBooter.runSuitesInProcess(ForkedBooter.java:345)
	at org.apache.maven.surefire.booter.ForkedBooter.execute(ForkedBooter.java:126)
	at org.apache.maven.surefire.booter.ForkedBooter.main(ForkedBooter.java:418)
</pre></div></td>
<td>24</td>
<td>com.APIDemos.Runner.Run@2b48a640</td></tr>
<tr>
<td title='com.APIDemos.Runner.Run.runScenario()'><b>runScenario</b><br>Test class: com.APIDemos.Runner.Run<br>Test method: Runs Cucumber Scenarios<br>Parameters: "user verify the get corky button", "User Test the menu functionality of Fragment"</td>
<td><div><pre>java.lang.AssertionError: expected [(okay -1) Corky!
] but found [(okay -1) Corky!]
	at com.APIDemos.stepdefinations.FragmentResultStepDef.user_verify_that_results_text_with(FragmentResultStepDef.java:59)
	at ?.user verify that results text with &quot;(okay -1) Corky!&quot;(file:///C:/Users/rajkumar06/Desktop/Exit_Test/src/test/java/com/APIDemos/feature/Fragmentmenufeature.feature:12)
... Removed 6 stack frames</pre></div><a href='#' onClick='toggleBox("stack-trace1755343124", this, "Click to show all stack frames", "Click to hide stack frames")'>Click to show all stack frames</a>
<div class='stack-trace' id='stack-trace1755343124'><pre>java.lang.AssertionError: expected [(okay -1) Corky!
] but found [(okay -1) Corky!]
	at org.testng.Assert.fail(Assert.java:99)
	at org.testng.Assert.failNotEquals(Assert.java:1037)
	at org.testng.Assert.assertEqualsImpl(Assert.java:140)
	at org.testng.Assert.assertEquals(Assert.java:122)
	at org.testng.Assert.assertEquals(Assert.java:629)
	at org.testng.Assert.assertEquals(Assert.java:639)
	at com.APIDemos.stepdefinations.FragmentResultStepDef.user_verify_that_results_text_with(FragmentResultStepDef.java:59)
	at ?.user verify that results text with &quot;(okay -1) Corky!&quot;(file:///C:/Users/rajkumar06/Desktop/Exit_Test/src/test/java/com/APIDemos/feature/Fragmentmenufeature.feature:12)
</pre></div></td>
<td>21</td>
<td>com.APIDemos.Runner.Run@2b48a640</td></tr>
</table><p>
<table width='100%' border='1' class='invocation-passed'>
<tr><td colspan='4' align='center'><b>PASSED TESTS</b></td></tr>
<tr><td><b>Test method</b></td>
<td width="30%"><b>Exception</b></td>
<td width="10%"><b>Time (seconds)</b></td>
<td><b>Instance</b></td>
</tr>
<tr>
<td title='com.APIDemos.Runner.Run.runScenario()'><b>runScenario</b><br>Test class: com.APIDemos.Runner.Run<br>Test method: Runs Cucumber Scenarios<br>Parameters: "check the chronometer start and stop", "verify the chronometer functionalties"</td>
<td></td>
<td>16</td>
<td>com.APIDemos.Runner.Run@2b48a640</td></tr>
<tr>
<td title='com.APIDemos.Runner.Run.runScenario()'><b>runScenario</b><br>Test class: com.APIDemos.Runner.Run<br>Test method: Runs Cucumber Scenarios<br>Parameters: "user verify the reset functionality", "verify the chronometer functionalties"</td>
<td></td>
<td>24</td>
<td>com.APIDemos.Runner.Run@2b48a640</td></tr>
<tr>
<td title='com.APIDemos.Runner.Run.runScenario()'><b>runScenario</b><br>Test class: com.APIDemos.Runner.Run<br>Test method: Runs Cucumber Scenarios<br>Parameters: "user verify the Alarm controller functions", "user test the Alarm functionalities"</td>
<td></td>
<td>24</td>
<td>com.APIDemos.Runner.Run@2b48a640</td></tr>
<tr>
<td title='com.APIDemos.Runner.Run.runScenario()'><b>runScenario</b><br>Test class: com.APIDemos.Runner.Run<br>Test method: Runs Cucumber Scenarios<br>Parameters: "Verify the sms functionality that sms is not send", "Test the Sms functionality on OS Api"</td>
<td></td>
<td>19</td>
<td>com.APIDemos.Runner.Run@2b48a640</td></tr>
<tr>
<td title='com.APIDemos.Runner.Run.runScenario()'><b>runScenario</b><br>Test class: com.APIDemos.Runner.Run<br>Test method: Runs Cucumber Scenarios<br>Parameters: "Verify the sms functionality to send the sms successfully", "Test the Sms functionality on OS Api"</td>
<td></td>
<td>21</td>
<td>com.APIDemos.Runner.Run@2b48a640</td></tr>
<tr>
<td title='com.APIDemos.Runner.Run.runScenario()'><b>runScenario</b><br>Test class: com.APIDemos.Runner.Run<br>Test method: Runs Cucumber Scenarios<br>Parameters: "user verify the Alarm service Functions", "user test the Alarm functionalities"</td>
<td></td>
<td>16</td>
<td>com.APIDemos.Runner.Run@2b48a640</td></tr>
<tr>
<td title='com.APIDemos.Runner.Run.runScenario()'><b>runScenario</b><br>Test class: com.APIDemos.Runner.Run<br>Test method: Runs Cucumber Scenarios<br>Parameters: "user verify the formating functionality working", "verify the chronometer functionalties"</td>
<td></td>
<td>17</td>
<td>com.APIDemos.Runner.Run@2b48a640</td></tr>
<tr>
<td title='com.APIDemos.Runner.Run.runScenario()'><b>runScenario</b><br>Test class: com.APIDemos.Runner.Run<br>Test method: Runs Cucumber Scenarios<br>Parameters: "user verify clear format functionality working", "verify the chronometer functionalties"</td>
<td></td>
<td>18</td>
<td>com.APIDemos.Runner.Run@2b48a640</td></tr>
</table><p>
</body>
</html>