<?xml version="1.0" encoding="UTF-8"?>
<!-- Generated by org.testng.reporters.JUnitReportReporter -->
<testsuite hostname="IN-3KKJ1J3" failures="1" tests="10" name="com.APIDemos.Runner.Run" time="208.528" errors="0" timestamp="2023-02-02T10:52:56 IST" skipped="0">
  <testcase classname="com.APIDemos.Runner.Run" name="runScenario" time="23.969"/>
  <system-out/>
  <testcase classname="com.APIDemos.Runner.Run" name="runScenario" time="27.962"/>
  <system-out/>
  <testcase classname="com.APIDemos.Runner.Run" name="runScenario" time="16.748"/>
  <system-out/>
  <testcase classname="com.APIDemos.Runner.Run" name="runScenario" time="17.957"/>
  <system-out/>
  <testcase classname="com.APIDemos.Runner.Run" name="runScenario" time="22.939"/>
  <system-out/>
  <testcase classname="com.APIDemos.Runner.Run" name="runScenario" time="16.566"/>
  <system-out/>
  <testcase classname="com.APIDemos.Runner.Run" name="runScenario" time="20.156">
    <failure message="expected [(okay -1) Corky!
] but found [(okay -1) Corky!]" type="java.lang.AssertionError">
      <![CDATA[java.lang.AssertionError: expected [(okay -1) Corky!
] but found [(okay -1) Corky!]
at org.testng.Assert.fail(Assert.java:99)
at org.testng.Assert.failNotEquals(Assert.java:1037)
at org.testng.Assert.assertEqualsImpl(Assert.java:140)
at org.testng.Assert.assertEquals(Assert.java:122)
at org.testng.Assert.assertEquals(Assert.java:629)
at org.testng.Assert.assertEquals(Assert.java:639)
at com.APIDemos.stepdefinations.FragmentResultStepDef.user_verify_that_results_text_with(FragmentResultStepDef.java:59)
at âœ½.user verify that results text with "(okay -1) Corky!"(file:///C:/Users/rajkumar06/eclipse-workspace/Exit_Test/src/test/java/com/APIDemos/feature/Fragmentmenufeature.feature:12)
]]>
    </failure>
  </testcase> <!-- runScenario -->
  <system-out/>
  <testcase classname="com.APIDemos.Runner.Run" name="runScenario" time="19.068"/>
  <system-out/>
  <testcase classname="com.APIDemos.Runner.Run" name="runScenario" time="25.346"/>
  <system-out/>
  <testcase classname="com.APIDemos.Runner.Run" name="runScenario" time="17.817"/>
  <system-out/>
</testsuite> <!-- com.APIDemos.Runner.Run -->
